
> yes@1.0.0 build-storybook
> storybook build --output-dir=/var/folders/jc/4k4kzpg53wz6hnp2z48ymmcm0000gn/T/chromatic--63789-mz1QE7z0Je4k

[1m@storybook/core v8.4.7
[22m
info => Cleaning outputDir: [36m../../../../../var/folders/jc/4k4kzpg53wz6hnp2z48ymmcm0000gn/T/chromatic--63789-mz1QE7z0Je4k[39m
info => Loading presets
info => Building manager..
info => Manager built ([38;2;181;126;229m67 ms[39m)
info => Building preview..
info => Using implicit CSS loaders
info => Using default Webpack5 setup
WARN asset size limit: The following asset(s) exceed the recommended size limit (244 KiB).
WARN This can impact web performance.
WARN Assets: 
WARN   290.03a110c0.iframe.bundle.js (566 KiB)
WARN entrypoint size limit: The following entrypoint(s) combined asset size exceeds the recommended limit (244 KiB). This can impact web performance.
WARN Entrypoints:
WARN   main (573 KiB)
WARN       runtime~main.0ce6c5bc.iframe.bundle.js
WARN       290.03a110c0.iframe.bundle.js
WARN       main.3ecd956b.iframe.bundle.js
WARN 
info => Preview built ([38;2;181;126;229m723 ms[39m)
info => Output directory: /var/folders/jc/4k4kzpg53wz6hnp2z48ymmcm0000gn/T/chromatic--63789-mz1QE7z0Je4k
