npm error code ERESOLVE
npm error ERESOLVE unable to resolve dependency tree
npm error
npm error While resolving: yes@1.0.0
npm error Found: react@19.0.0
npm error node_modules/react
npm error   peerOptional react@"^16.8.0 || ^17.0.0 || ^18.0.0 || ^19.0.0-beta" from @storybook/blocks@8.4.7
npm error   node_modules/@storybook/blocks
npm error     dev @storybook/blocks@"^8.4.7" from the root project
npm error     peerOptional @storybook/blocks@"^8.0.0 || ^8.1.0-0 || ^8.2.0-0 || ^8.3.0-0 || ^8.4.0-0 || ^8.5.0-0 || ^8.6.0-0" from @storybook/addon-designs@8.0.4
npm error     node_modules/@storybook/addon-designs
npm error       dev @storybook/addon-designs@"^8.0.4" from the root project
npm error   peer react@"^19.0.0" from react-dom@19.0.0
npm error   node_modules/react-dom
npm error     peerOptional react-dom@"^16.8.0 || ^17.0.0 || ^18.0.0 || ^19.0.0-beta" from @storybook/blocks@8.4.7
npm error     node_modules/@storybook/blocks
npm error       dev @storybook/blocks@"^8.4.7" from the root project
npm error       1 more (@storybook/addon-designs)
npm error
npm error Could not resolve dependency:
npm error peerOptional react@"^16.8.0 || ^17.0.0 || ^18.0.0" from @storybook/addon-designs@8.0.4
npm error node_modules/@storybook/addon-designs
npm error   dev @storybook/addon-designs@"^8.0.4" from the root project
npm error
npm error Fix the upstream dependency conflict, or retry
npm error this command with --force or --legacy-peer-deps
npm error to accept an incorrect (and potentially broken) dependency resolution.
npm error
npm error
npm error For a full report see:
npm error /Users/arturopardo/.npm/_logs/2024-12-07T00_59_05_942Z-eresolve-report.txt
npm error A complete log of this run can be found in: /Users/arturopardo/.npm/_logs/2024-12-07T00_59_05_942Z-debug-0.log
